{"E:\\projects\\hope-i-win\\src\\index.ts": {"path":"E:\\projects\\hope-i-win\\src\\index.ts","statementMap":{"0":{"start":{"line":1,"column":0},"end":{"line":1,"column":59}},"1":{"start":{"line":2,"column":0},"end":{"line":2,"column":33}},"2":{"start":{"line":3,"column":0},"end":{"line":3,"column":28}},"3":{"start":{"line":4,"column":0},"end":{"line":4,"column":63}},"4":{"start":{"line":5,"column":0},"end":{"line":5,"column":47}},"5":{"start":{"line":6,"column":0},"end":{"line":6,"column":55}},"6":{"start":{"line":7,"column":0},"end":{"line":7,"column":71}},"7":{"start":{"line":8,"column":0},"end":{"line":8,"column":37}},"8":{"start":{"line":9,"column":0},"end":{"line":9,"column":43}},"9":{"start":{"line":10,"column":0},"end":{"line":10,"column":59}},"10":{"start":{"line":11,"column":0},"end":{"line":11,"column":24}},"11":{"start":{"line":12,"column":0},"end":{"line":12,"column":null}},"12":{"start":{"line":16,"column":0},"end":{"line":16,"column":56}},"13":{"start":{"line":17,"column":0},"end":{"line":17,"column":73}},"14":{"start":{"line":18,"column":0},"end":{"line":18,"column":71}},"15":{"start":{"line":20,"column":0},"end":{"line":20,"column":16}},"16":{"start":{"line":22,"column":15},"end":{"line":22,"column":33}},"17":{"start":{"line":23,"column":0},"end":{"line":23,"column":47}},"18":{"start":{"line":25,"column":21},"end":{"line":25,"column":30}},"19":{"start":{"line":26,"column":0},"end":{"line":26,"column":27}},"20":{"start":{"line":27,"column":0},"end":{"line":27,"column":32}},"21":{"start":{"line":28,"column":0},"end":{"line":28,"column":72}},"22":{"start":{"line":29,"column":0},"end":{"line":29,"column":34}},"23":{"start":{"line":32,"column":2},"end":{"line":53,"column":3}},"24":{"start":{"line":33,"column":19},"end":{"line":33,"column":51}},"25":{"start":{"line":34,"column":4},"end":{"line":34,"column":77}},"26":{"start":{"line":36,"column":34},"end":{"line":36,"column":62}},"27":{"start":{"line":38,"column":4},"end":{"line":45,"column":5}},"28":{"start":{"line":39,"column":29},"end":{"line":39,"column":63}},"29":{"start":{"line":40,"column":6},"end":{"line":42,"column":8}},"30":{"start":{"line":44,"column":6},"end":{"line":44,"column":62}},"31":{"start":{"line":47,"column":4},"end":{"line":47,"column":26}},"32":{"start":{"line":49,"column":4},"end":{"line":49,"column":66}},"33":{"start":{"line":51,"column":4},"end":{"line":51,"column":59}},"34":{"start":{"line":52,"column":4},"end":{"line":52,"column":16}},"35":{"start":{"line":56,"column":0},"end":{"line":77,"column":5}},"36":{"start":{"line":58,"column":4},"end":{"line":62,"column":7}},"37":{"start":{"line":64,"column":17},"end":{"line":64,"column":41}},"38":{"start":{"line":65,"column":4},"end":{"line":72,"column":7}},"39":{"start":{"line":66,"column":6},"end":{"line":66,"column":52}},"40":{"start":{"line":67,"column":6},"end":{"line":69,"column":8}},"41":{"start":{"line":71,"column":6},"end":{"line":71,"column":32}},"42":{"start":{"line":75,"column":4},"end":{"line":75,"column":61}},"43":{"start":{"line":76,"column":4},"end":{"line":76,"column":20}},"44":{"start":{"line":80,"column":0},"end":{"line":84,"column":3}},"45":{"start":{"line":81,"column":2},"end":{"line":81,"column":62}},"46":{"start":{"line":82,"column":2},"end":{"line":82,"column":19}},"47":{"start":{"line":83,"column":2},"end":{"line":83,"column":18}},"48":{"start":{"line":86,"column":0},"end":{"line":90,"column":3}},"49":{"start":{"line":87,"column":2},"end":{"line":87,"column":61}},"50":{"start":{"line":88,"column":2},"end":{"line":88,"column":19}},"51":{"start":{"line":89,"column":2},"end":{"line":89,"column":18}}},"fnMap":{"0":{"name":"initializeDatabase","decl":{"start":{"line":31,"column":15},"end":{"line":31,"column":33}},"loc":{"start":{"line":31,"column":33},"end":{"line":54,"column":1}}},"1":{"name":"(anonymous_11)","decl":{"start":{"line":57,"column":8},"end":{"line":57,"column":11}},"loc":{"start":{"line":57,"column":13},"end":{"line":73,"column":3}}},"2":{"name":"(anonymous_12)","decl":{"start":{"line":65,"column":21},"end":{"line":65,"column":24}},"loc":{"start":{"line":65,"column":26},"end":{"line":72,"column":5}}},"3":{"name":"(anonymous_13)","decl":{"start":{"line":74,"column":9},"end":{"line":74,"column":10}},"loc":{"start":{"line":74,"column":19},"end":{"line":77,"column":3}}},"4":{"name":"(anonymous_14)","decl":{"start":{"line":80,"column":22},"end":{"line":80,"column":27}},"loc":{"start":{"line":80,"column":33},"end":{"line":84,"column":1}}},"5":{"name":"(anonymous_15)","decl":{"start":{"line":86,"column":21},"end":{"line":86,"column":26}},"loc":{"start":{"line":86,"column":32},"end":{"line":90,"column":1}}}},"branchMap":{"0":{"loc":{"start":{"line":23,"column":15},"end":{"line":23,"column":46}},"type":"binary-expr","locations":[{"start":{"line":23,"column":15},"end":{"line":23,"column":36}},{"start":{"line":23,"column":40},"end":{"line":23,"column":46}}]},"1":{"loc":{"start":{"line":38,"column":4},"end":{"line":45,"column":5}},"type":"if","locations":[{"start":{"line":38,"column":4},"end":{"line":45,"column":5}},{"start":{"line":43,"column":11},"end":{"line":45,"column":5}}]},"2":{"loc":{"start":{"line":41,"column":47},"end":{"line":41,"column":71}},"type":"binary-expr","locations":[{"start":{"line":41,"column":47},"end":{"line":41,"column":61}},{"start":{"line":41,"column":65},"end":{"line":41,"column":71}}]},"3":{"loc":{"start":{"line":64,"column":17},"end":{"line":64,"column":41}},"type":"binary-expr","locations":[{"start":{"line":64,"column":17},"end":{"line":64,"column":33}},{"start":{"line":64,"column":37},"end":{"line":64,"column":41}}]}},"s":{"0":0,"1":0,"2":0,"3":0,"4":0,"5":0,"6":0,"7":0,"8":0,"9":0,"10":0,"11":0,"12":0,"13":0,"14":0,"15":0,"16":0,"17":0,"18":0,"19":0,"20":0,"21":0,"22":0,"23":0,"24":0,"25":0,"26":0,"27":0,"28":0,"29":0,"30":0,"31":0,"32":0,"33":0,"34":0,"35":0,"36":0,"37":0,"38":0,"39":0,"40":0,"41":0,"42":0,"43":0,"44":0,"45":0,"46":0,"47":0,"48":0,"49":0,"50":0,"51":0},"f":{"0":0,"1":0,"2":0,"3":0,"4":0,"5":0},"b":{"0":[0,0],"1":[0,0],"2":[0,0],"3":[0,0]}}
,"E:\\projects\\hope-i-win\\src\\config\\db-connection.ts": {"path":"E:\\projects\\hope-i-win\\src\\config\\db-connection.ts","statementMap":{"0":{"start":{"line":24,"column":0},"end":{"line":24,"column":7}},"1":{"start":{"line":39,"column":0},"end":{"line":39,"column":7}},"2":{"start":{"line":1,"column":0},"end":{"line":1,"column":21}},"3":{"start":{"line":2,"column":17},"end":{"line":2,"column":20}},"4":{"start":{"line":3,"column":0},"end":{"line":3,"column":33}},"5":{"start":{"line":5,"column":0},"end":{"line":5,"column":16}},"6":{"start":{"line":7,"column":13},"end":{"line":13,"column":2}},"7":{"start":{"line":15,"column":0},"end":{"line":17,"column":3}},"8":{"start":{"line":16,"column":2},"end":{"line":16,"column":59}},"9":{"start":{"line":19,"column":0},"end":{"line":22,"column":3}},"10":{"start":{"line":20,"column":2},"end":{"line":20,"column":56}},"11":{"start":{"line":21,"column":2},"end":{"line":21,"column":19}},"12":{"start":{"line":25,"column":17},"end":{"line":25,"column":37}},"13":{"start":{"line":26,"column":2},"end":{"line":36,"column":3}},"14":{"start":{"line":27,"column":19},"end":{"line":32,"column":6}},"15":{"start":{"line":33,"column":4},"end":{"line":33,"column":33}},"16":{"start":{"line":35,"column":4},"end":{"line":35,"column":21}},"17":{"start":{"line":40,"column":17},"end":{"line":40,"column":37}},"18":{"start":{"line":41,"column":2},"end":{"line":50,"column":3}},"19":{"start":{"line":42,"column":19},"end":{"line":44,"column":6}},"20":{"start":{"line":45,"column":4},"end":{"line":45,"column":40}},"21":{"start":{"line":47,"column":4},"end":{"line":47,"column":16}},"22":{"start":{"line":49,"column":4},"end":{"line":49,"column":21}},"23":{"start":{"line":53,"column":0},"end":{"line":53,"column":20}}},"fnMap":{"0":{"name":"(anonymous_10)","decl":{"start":{"line":15,"column":19},"end":{"line":15,"column":22}},"loc":{"start":{"line":15,"column":24},"end":{"line":17,"column":1}}},"1":{"name":"(anonymous_11)","decl":{"start":{"line":19,"column":17},"end":{"line":19,"column":18}},"loc":{"start":{"line":19,"column":25},"end":{"line":22,"column":1}}},"2":{"name":"checkMigrationsTable","decl":{"start":{"line":24,"column":22},"end":{"line":24,"column":42}},"loc":{"start":{"line":24,"column":42},"end":{"line":37,"column":1}}},"3":{"name":"getCurrentMigrationVersion","decl":{"start":{"line":39,"column":22},"end":{"line":39,"column":48}},"loc":{"start":{"line":39,"column":48},"end":{"line":51,"column":1}}}},"branchMap":{"0":{"loc":{"start":{"line":8,"column":8},"end":{"line":8,"column":41}},"type":"binary-expr","locations":[{"start":{"line":8,"column":8},"end":{"line":8,"column":27}},{"start":{"line":8,"column":31},"end":{"line":8,"column":41}}]},"1":{"loc":{"start":{"line":9,"column":8},"end":{"line":9,"column":42}},"type":"binary-expr","locations":[{"start":{"line":9,"column":8},"end":{"line":9,"column":27}},{"start":{"line":9,"column":31},"end":{"line":9,"column":42}}]},"2":{"loc":{"start":{"line":10,"column":12},"end":{"line":10,"column":45}},"type":"binary-expr","locations":[{"start":{"line":10,"column":12},"end":{"line":10,"column":31}},{"start":{"line":10,"column":35},"end":{"line":10,"column":45}}]},"3":{"loc":{"start":{"line":11,"column":17},"end":{"line":11,"column":46}},"type":"binary-expr","locations":[{"start":{"line":11,"column":17},"end":{"line":11,"column":36}},{"start":{"line":11,"column":40},"end":{"line":11,"column":46}}]},"4":{"loc":{"start":{"line":12,"column":12},"end":{"line":12,"column":51}},"type":"binary-expr","locations":[{"start":{"line":12,"column":12},"end":{"line":12,"column":35}},{"start":{"line":12,"column":39},"end":{"line":12,"column":51}}]},"5":{"loc":{"start":{"line":45,"column":11},"end":{"line":45,"column":39}},"type":"binary-expr","locations":[{"start":{"line":45,"column":11},"end":{"line":45,"column":31}},{"start":{"line":45,"column":35},"end":{"line":45,"column":39}}]}},"s":{"0":0,"1":0,"2":0,"3":0,"4":0,"5":0,"6":0,"7":0,"8":0,"9":0,"10":0,"11":0,"12":0,"13":0,"14":0,"15":0,"16":0,"17":0,"18":0,"19":0,"20":0,"21":0,"22":0,"23":0},"f":{"0":0,"1":0,"2":0,"3":0},"b":{"0":[0,0],"1":[0,0],"2":[0,0],"3":[0,0],"4":[0,0],"5":[0,0]}}
,"E:\\projects\\hope-i-win\\src\\config\\migration-config.ts": {"path":"E:\\projects\\hope-i-win\\src\\config\\migration-config.ts","statementMap":{"0":{"start":{"line":3,"column":34},"end":{"line":15,"column":2}},"1":{"start":{"line":3,"column":51},"end":{"line":15,"column":2}},"2":{"start":{"line":3,"column":13},"end":{"line":3,"column":34}}},"fnMap":{"0":{"name":"(anonymous_0)","decl":{"start":{"line":3,"column":34},"end":{"line":3,"column":35}},"loc":{"start":{"line":3,"column":51},"end":{"line":15,"column":2}}}},"branchMap":{"0":{"loc":{"start":{"line":5,"column":10},"end":{"line":5,"column":43}},"type":"binary-expr","locations":[{"start":{"line":5,"column":10},"end":{"line":5,"column":29}},{"start":{"line":5,"column":33},"end":{"line":5,"column":43}}]},"1":{"loc":{"start":{"line":6,"column":10},"end":{"line":6,"column":44}},"type":"binary-expr","locations":[{"start":{"line":6,"column":10},"end":{"line":6,"column":29}},{"start":{"line":6,"column":33},"end":{"line":6,"column":44}}]},"2":{"loc":{"start":{"line":7,"column":14},"end":{"line":7,"column":47}},"type":"binary-expr","locations":[{"start":{"line":7,"column":14},"end":{"line":7,"column":33}},{"start":{"line":7,"column":37},"end":{"line":7,"column":47}}]},"3":{"loc":{"start":{"line":8,"column":19},"end":{"line":8,"column":48}},"type":"binary-expr","locations":[{"start":{"line":8,"column":19},"end":{"line":8,"column":38}},{"start":{"line":8,"column":42},"end":{"line":8,"column":48}}]},"4":{"loc":{"start":{"line":9,"column":14},"end":{"line":9,"column":53}},"type":"binary-expr","locations":[{"start":{"line":9,"column":14},"end":{"line":9,"column":37}},{"start":{"line":9,"column":41},"end":{"line":9,"column":53}}]}},"s":{"0":0,"1":0,"2":0},"f":{"0":0},"b":{"0":[0,0],"1":[0,0],"2":[0,0],"3":[0,0],"4":[0,0]}}
,"E:\\projects\\hope-i-win\\src\\controllers\\subscribe-controller.ts": {"path":"E:\\projects\\hope-i-win\\src\\controllers\\subscribe-controller.ts","statementMap":{"0":{"start":{"line":1,"column":0},"end":{"line":1,"column":null}},"1":{"start":{"line":13,"column":0},"end":{"line":13,"column":26}},"2":{"start":{"line":14,"column":0},"end":{"line":14,"column":71}},"3":{"start":{"line":15,"column":0},"end":{"line":15,"column":50}},"4":{"start":{"line":16,"column":0},"end":{"line":16,"column":40}},"5":{"start":{"line":17,"column":0},"end":{"line":17,"column":43}},"6":{"start":{"line":18,"column":0},"end":{"line":18,"column":55}},"7":{"start":{"line":19,"column":0},"end":{"line":19,"column":28}},"8":{"start":{"line":21,"column":16},"end":{"line":23,"column":2}},"9":{"start":{"line":28,"column":7},"end":{"line":383,"column":null}},"10":{"start":{"line":31,"column":19},"end":{"line":31,"column":39}},"11":{"start":{"line":33,"column":4},"end":{"line":86,"column":5}},"12":{"start":{"line":34,"column":20},"end":{"line":40,"column":8}},"13":{"start":{"line":42,"column":21},"end":{"line":42,"column":55}},"14":{"start":{"line":44,"column":6},"end":{"line":46,"column":7}},"15":{"start":{"line":45,"column":8},"end":{"line":45,"column":62}},"16":{"start":{"line":48,"column":27},"end":{"line":48,"column":41}},"17":{"start":{"line":50,"column":6},"end":{"line":58,"column":7}},"18":{"start":{"line":51,"column":8},"end":{"line":57,"column":10}},"19":{"start":{"line":60,"column":26},"end":{"line":67,"column":8}},"20":{"start":{"line":69,"column":6},"end":{"line":69,"column":57}},"21":{"start":{"line":71,"column":6},"end":{"line":74,"column":8}},"22":{"start":{"line":76,"column":6},"end":{"line":83,"column":8}},"23":{"start":{"line":85,"column":6},"end":{"line":85,"column":23}},"24":{"start":{"line":91,"column":19},"end":{"line":91,"column":39}},"25":{"start":{"line":93,"column":4},"end":{"line":133,"column":5}},"26":{"start":{"line":94,"column":20},"end":{"line":100,"column":8}},"27":{"start":{"line":102,"column":21},"end":{"line":102,"column":55}},"28":{"start":{"line":104,"column":6},"end":{"line":106,"column":7}},"29":{"start":{"line":105,"column":8},"end":{"line":105,"column":61}},"30":{"start":{"line":108,"column":27},"end":{"line":108,"column":41}},"31":{"start":{"line":110,"column":26},"end":{"line":115,"column":8}},"32":{"start":{"line":117,"column":6},"end":{"line":117,"column":57}},"33":{"start":{"line":119,"column":6},"end":{"line":122,"column":8}},"34":{"start":{"line":124,"column":6},"end":{"line":130,"column":8}},"35":{"start":{"line":132,"column":6},"end":{"line":132,"column":23}},"36":{"start":{"line":138,"column":4},"end":{"line":140,"column":5}},"37":{"start":{"line":139,"column":6},"end":{"line":139,"column":62}},"38":{"start":{"line":142,"column":19},"end":{"line":142,"column":39}},"39":{"start":{"line":144,"column":4},"end":{"line":184,"column":5}},"40":{"start":{"line":145,"column":20},"end":{"line":163,"column":8}},"41":{"start":{"line":165,"column":21},"end":{"line":165,"column":55}},"42":{"start":{"line":167,"column":6},"end":{"line":181,"column":8}},"43":{"start":{"line":170,"column":49},"end":{"line":180,"column":10}},"44":{"start":{"line":183,"column":6},"end":{"line":183,"column":23}},"45":{"start":{"line":189,"column":4},"end":{"line":189,"column":53}},"46":{"start":{"line":191,"column":26},"end":{"line":191,"column":51}},"47":{"start":{"line":192,"column":19},"end":{"line":192,"column":39}},"48":{"start":{"line":194,"column":4},"end":{"line":377,"column":5}},"49":{"start":{"line":195,"column":6},"end":{"line":195,"column":34}},"50":{"start":{"line":197,"column":6},"end":{"line":209,"column":7}},"51":{"start":{"line":198,"column":8},"end":{"line":201,"column":11}},"52":{"start":{"line":203,"column":8},"end":{"line":207,"column":9}},"53":{"start":{"line":204,"column":10},"end":{"line":206,"column":12}},"54":{"start":{"line":208,"column":8},"end":{"line":208,"column":20}},"55":{"start":{"line":211,"column":24},"end":{"line":218,"column":8}},"56":{"start":{"line":221,"column":8},"end":{"line":223,"column":45}},"57":{"start":{"line":224,"column":27},"end":{"line":224,"column":65}},"58":{"start":{"line":226,"column":25},"end":{"line":230,"column":8}},"59":{"start":{"line":232,"column":19},"end":{"line":232,"column":37}},"60":{"start":{"line":233,"column":6},"end":{"line":233,"column":72}},"61":{"start":{"line":235,"column":24},"end":{"line":243,"column":8}},"62":{"start":{"line":245,"column":25},"end":{"line":245,"column":69}},"63":{"start":{"line":246,"column":25},"end":{"line":246,"column":43}},"64":{"start":{"line":247,"column":6},"end":{"line":249,"column":8}},"65":{"start":{"line":251,"column":37},"end":{"line":255,"column":8}},"66":{"start":{"line":257,"column":26},"end":{"line":260,"column":8}},"67":{"start":{"line":262,"column":6},"end":{"line":308,"column":7}},"68":{"start":{"line":263,"column":20},"end":{"line":263,"column":39}},"69":{"start":{"line":265,"column":8},"end":{"line":307,"column":9}},"70":{"start":{"line":266,"column":10},"end":{"line":269,"column":12}},"71":{"start":{"line":271,"column":36},"end":{"line":271,"column":56}},"72":{"start":{"line":273,"column":30},"end":{"line":279,"column":12}},"73":{"start":{"line":281,"column":29},"end":{"line":284,"column":12}},"74":{"start":{"line":286,"column":34},"end":{"line":286,"column":119}},"75":{"start":{"line":288,"column":10},"end":{"line":293,"column":13}},"76":{"start":{"line":295,"column":10},"end":{"line":295,"column":39}},"77":{"start":{"line":297,"column":10},"end":{"line":306,"column":12}},"78":{"start":{"line":310,"column":32},"end":{"line":310,"column":52}},"79":{"start":{"line":312,"column":24},"end":{"line":312,"column":28}},"80":{"start":{"line":313,"column":6},"end":{"line":321,"column":7}},"81":{"start":{"line":314,"column":30},"end":{"line":317,"column":10}},"82":{"start":{"line":318,"column":8},"end":{"line":318,"column":50}},"83":{"start":{"line":320,"column":8},"end":{"line":320,"column":62}},"84":{"start":{"line":323,"column":32},"end":{"line":334,"column":8}},"85":{"start":{"line":336,"column":33},"end":{"line":341,"column":8}},"86":{"start":{"line":343,"column":27},"end":{"line":343,"column":53}},"87":{"start":{"line":345,"column":30},"end":{"line":345,"column":115}},"88":{"start":{"line":347,"column":6},"end":{"line":352,"column":9}},"89":{"start":{"line":354,"column":6},"end":{"line":354,"column":35}},"90":{"start":{"line":356,"column":6},"end":{"line":358,"column":8}},"91":{"start":{"line":360,"column":6},"end":{"line":371,"column":8}},"92":{"start":{"line":373,"column":6},"end":{"line":373,"column":37}},"93":{"start":{"line":374,"column":6},"end":{"line":374,"column":18}},"94":{"start":{"line":376,"column":6},"end":{"line":376,"column":23}},"95":{"start":{"line":381,"column":4},"end":{"line":381,"column":50}},"96":{"start":{"line":28,"column":13},"end":{"line":28,"column":32}},"97":{"start":{"line":30,"column":8},"end":{"line":87,"column":null}},"98":{"start":{"line":90,"column":8},"end":{"line":134,"column":null}},"99":{"start":{"line":137,"column":8},"end":{"line":185,"column":null}},"100":{"start":{"line":188,"column":8},"end":{"line":378,"column":null}},"101":{"start":{"line":28,"column":13},"end":{"line":383,"column":null}}},"fnMap":{"0":{"name":"(anonymous_5)","decl":{"start":{"line":30,"column":8},"end":{"line":30,"column":15}},"loc":{"start":{"line":30,"column":45},"end":{"line":87,"column":3}}},"1":{"name":"(anonymous_6)","decl":{"start":{"line":90,"column":8},"end":{"line":90,"column":19}},"loc":{"start":{"line":90,"column":49},"end":{"line":134,"column":3}}},"2":{"name":"(anonymous_7)","decl":{"start":{"line":137,"column":8},"end":{"line":137,"column":14}},"loc":{"start":{"line":137,"column":49},"end":{"line":185,"column":3}}},"3":{"name":"(anonymous_8)","decl":{"start":{"line":170,"column":39},"end":{"line":170,"column":40}},"loc":{"start":{"line":170,"column":49},"end":{"line":180,"column":10}}},"4":{"name":"(anonymous_9)","decl":{"start":{"line":188,"column":8},"end":{"line":188,"column":26}},"loc":{"start":{"line":188,"column":58},"end":{"line":378,"column":3}}},"5":{"name":"(anonymous_10)","decl":{"start":{"line":380,"column":10},"end":{"line":380,"column":23}},"loc":{"start":{"line":380,"column":23},"end":{"line":382,"column":3}}}},"branchMap":{"0":{"loc":{"start":{"line":44,"column":6},"end":{"line":46,"column":7}},"type":"if","locations":[{"start":{"line":44,"column":6},"end":{"line":46,"column":7}},{"start":{},"end":{}}]},"1":{"loc":{"start":{"line":50,"column":6},"end":{"line":58,"column":7}},"type":"if","locations":[{"start":{"line":50,"column":6},"end":{"line":58,"column":7}},{"start":{},"end":{}}]},"2":{"loc":{"start":{"line":104,"column":6},"end":{"line":106,"column":7}},"type":"if","locations":[{"start":{"line":104,"column":6},"end":{"line":106,"column":7}},{"start":{},"end":{}}]},"3":{"loc":{"start":{"line":138,"column":4},"end":{"line":140,"column":5}},"type":"if","locations":[{"start":{"line":138,"column":4},"end":{"line":140,"column":5}},{"start":{},"end":{}}]},"4":{"loc":{"start":{"line":203,"column":8},"end":{"line":207,"column":9}},"type":"if","locations":[{"start":{"line":203,"column":8},"end":{"line":207,"column":9}},{"start":{},"end":{}}]},"5":{"loc":{"start":{"line":262,"column":6},"end":{"line":308,"column":7}},"type":"if","locations":[{"start":{"line":262,"column":6},"end":{"line":308,"column":7}},{"start":{},"end":{}}]},"6":{"loc":{"start":{"line":265,"column":8},"end":{"line":307,"column":9}},"type":"if","locations":[{"start":{"line":265,"column":8},"end":{"line":307,"column":9}},{"start":{"line":270,"column":15},"end":{"line":307,"column":9}}]},"7":{"loc":{"start":{"line":286,"column":37},"end":{"line":286,"column":84}},"type":"binary-expr","locations":[{"start":{"line":286,"column":37},"end":{"line":286,"column":57}},{"start":{"line":286,"column":61},"end":{"line":286,"column":84}}]},"8":{"loc":{"start":{"line":345,"column":33},"end":{"line":345,"column":80}},"type":"binary-expr","locations":[{"start":{"line":345,"column":33},"end":{"line":345,"column":53}},{"start":{"line":345,"column":57},"end":{"line":345,"column":80}}]}},"s":{"0":1,"1":1,"2":1,"3":1,"4":1,"5":1,"6":1,"7":1,"8":1,"9":1,"10":4,"11":4,"12":4,"13":4,"14":3,"15":1,"16":2,"17":2,"18":1,"19":1,"20":1,"21":1,"22":1,"23":4,"24":3,"25":3,"26":3,"27":3,"28":2,"29":1,"30":1,"31":1,"32":1,"33":1,"34":1,"35":3,"36":4,"37":1,"38":3,"39":3,"40":3,"41":3,"42":2,"43":1,"44":3,"45":8,"46":8,"47":8,"48":8,"49":8,"50":8,"51":8,"52":1,"53":1,"54":0,"55":7,"56":7,"57":7,"58":7,"59":6,"60":6,"61":6,"62":6,"63":6,"64":6,"65":6,"66":6,"67":6,"68":2,"69":2,"70":1,"71":1,"72":1,"73":1,"74":1,"75":1,"76":1,"77":1,"78":4,"79":4,"80":4,"81":4,"82":3,"83":1,"84":4,"85":4,"86":4,"87":4,"88":4,"89":3,"90":3,"91":3,"92":4,"93":4,"94":8,"95":5,"96":1,"97":1,"98":1,"99":1,"100":1,"101":1},"f":{"0":4,"1":3,"2":4,"3":1,"4":8,"5":5},"b":{"0":[1,2],"1":[1,1],"2":[1,1],"3":[1,3],"4":[1,0],"5":[2,4],"6":[1,1],"7":[1,1],"8":[4,4]}}
,"E:\\projects\\hope-i-win\\src\\controllers\\user-controller.ts": {"path":"E:\\projects\\hope-i-win\\src\\controllers\\user-controller.ts","statementMap":{"0":{"start":{"line":1,"column":0},"end":{"line":1,"column":null}},"1":{"start":{"line":13,"column":0},"end":{"line":13,"column":26}},"2":{"start":{"line":14,"column":0},"end":{"line":14,"column":71}},"3":{"start":{"line":15,"column":0},"end":{"line":15,"column":37}},"4":{"start":{"line":25,"column":7},"end":{"line":36,"column":null}},"5":{"start":{"line":28,"column":4},"end":{"line":28,"column":45}},"6":{"start":{"line":34,"column":4},"end":{"line":34,"column":38}},"7":{"start":{"line":25,"column":13},"end":{"line":25,"column":27}},"8":{"start":{"line":27,"column":2},"end":{"line":29,"column":null}},"9":{"start":{"line":33,"column":2},"end":{"line":35,"column":null}},"10":{"start":{"line":25,"column":13},"end":{"line":36,"column":null}},"11":{"start":{"line":21,"column":2},"end":{"line":21,"column":36}},"12":{"start":{"line":22,"column":2},"end":{"line":22,"column":26}},"13":{"start":{"line":23,"column":2},"end":{"line":23,"column":17}}},"fnMap":{"0":{"name":"(anonymous_4)","decl":{"start":{"line":27,"column":2},"end":{"line":27,"column":8}},"loc":{"start":{"line":27,"column":32},"end":{"line":29,"column":3}}},"1":{"name":"(anonymous_5)","decl":{"start":{"line":33,"column":2},"end":{"line":33,"column":9}},"loc":{"start":{"line":33,"column":28},"end":{"line":35,"column":3}}},"2":{"name":"(anonymous_6)","decl":{"start":{"line":20,"column":16},"end":{"line":20,"column":26}},"loc":{"start":{"line":20,"column":58},"end":{"line":24,"column":1}}}},"branchMap":{},"s":{"0":1,"1":1,"2":1,"3":1,"4":1,"5":0,"6":2,"7":1,"8":1,"9":1,"10":1,"11":1,"12":1,"13":1},"f":{"0":0,"1":2,"2":1},"b":{}}
,"E:\\projects\\hope-i-win\\src\\cron\\release-tracker.crone.ts": {"path":"E:\\projects\\hope-i-win\\src\\cron\\release-tracker.crone.ts","statementMap":{"0":{"start":{"line":8,"column":0},"end":{"line":8,"column":16}},"1":{"start":{"line":28,"column":0},"end":{"line":28,"column":7}},"2":{"start":{"line":1,"column":0},"end":{"line":1,"column":29}},"3":{"start":{"line":2,"column":0},"end":{"line":2,"column":28}},"4":{"start":{"line":3,"column":0},"end":{"line":3,"column":68}},"5":{"start":{"line":5,"column":15},"end":{"line":5,"column":33}},"6":{"start":{"line":6,"column":0},"end":{"line":6,"column":47}},"7":{"start":{"line":9,"column":2},"end":{"line":23,"column":5}},"8":{"start":{"line":10,"column":4},"end":{"line":10,"column":56}},"9":{"start":{"line":12,"column":4},"end":{"line":22,"column":5}},"10":{"start":{"line":13,"column":21},"end":{"line":13,"column":71}},"11":{"start":{"line":15,"column":6},"end":{"line":17,"column":7}},"12":{"start":{"line":16,"column":8},"end":{"line":16,"column":69}},"13":{"start":{"line":19,"column":6},"end":{"line":19,"column":53}},"14":{"start":{"line":21,"column":6},"end":{"line":21,"column":63}},"15":{"start":{"line":25,"column":2},"end":{"line":25,"column":69}},"16":{"start":{"line":29,"column":2},"end":{"line":29,"column":54}},"17":{"start":{"line":30,"column":2},"end":{"line":30,"column":53}},"18":{"start":{"line":31,"column":2},"end":{"line":31,"column":49}}},"fnMap":{"0":{"name":"startReleaseTrackerCron","decl":{"start":{"line":8,"column":16},"end":{"line":8,"column":39}},"loc":{"start":{"line":8,"column":39},"end":{"line":26,"column":1}}},"1":{"name":"(anonymous_2)","decl":{"start":{"line":9,"column":32},"end":{"line":9,"column":37}},"loc":{"start":{"line":9,"column":43},"end":{"line":23,"column":3}}},"2":{"name":"manualCheck","decl":{"start":{"line":28,"column":22},"end":{"line":28,"column":33}},"loc":{"start":{"line":28,"column":33},"end":{"line":32,"column":1}}}},"branchMap":{"0":{"loc":{"start":{"line":6,"column":15},"end":{"line":6,"column":46}},"type":"binary-expr","locations":[{"start":{"line":6,"column":15},"end":{"line":6,"column":36}},{"start":{"line":6,"column":40},"end":{"line":6,"column":46}}]},"1":{"loc":{"start":{"line":15,"column":6},"end":{"line":17,"column":7}},"type":"if","locations":[{"start":{"line":15,"column":6},"end":{"line":17,"column":7}},{"start":{},"end":{}}]}},"s":{"0":0,"1":0,"2":0,"3":0,"4":0,"5":0,"6":0,"7":0,"8":0,"9":0,"10":0,"11":0,"12":0,"13":0,"14":0,"15":0,"16":0,"17":0,"18":0},"f":{"0":0,"1":0,"2":0},"b":{"0":[0,0],"1":[0,0]}}
,"E:\\projects\\hope-i-win\\src\\middleware\\global-error-handler.ts": {"path":"E:\\projects\\hope-i-win\\src\\middleware\\global-error-handler.ts","statementMap":{"0":{"start":{"line":1,"column":0},"end":{"line":1,"column":null}},"1":{"start":{"line":5,"column":0},"end":{"line":5,"column":50}},"2":{"start":{"line":15,"column":7},"end":{"line":56,"column":null}},"3":{"start":{"line":17,"column":4},"end":{"line":28,"column":5}},"4":{"start":{"line":21,"column":6},"end":{"line":27,"column":9}},"5":{"start":{"line":30,"column":4},"end":{"line":38,"column":5}},"6":{"start":{"line":31,"column":6},"end":{"line":37,"column":9}},"7":{"start":{"line":40,"column":19},"end":{"line":40,"column":56}},"8":{"start":{"line":41,"column":4},"end":{"line":46,"column":7}},"9":{"start":{"line":50,"column":4},"end":{"line":54,"column":8}},"10":{"start":{"line":50,"column":34},"end":{"line":54,"column":6}},"11":{"start":{"line":15,"column":13},"end":{"line":15,"column":31}},"12":{"start":{"line":15,"column":13},"end":{"line":56,"column":null}}},"fnMap":{"0":{"name":"(anonymous_1)","decl":{"start":{"line":16,"column":2},"end":{"line":16,"column":7}},"loc":{"start":{"line":16,"column":61},"end":{"line":47,"column":3}}},"1":{"name":"(anonymous_2)","decl":{"start":{"line":49,"column":10},"end":{"line":49,"column":32}},"loc":{"start":{"line":49,"column":58},"end":{"line":55,"column":3}}},"2":{"name":"(anonymous_3)","decl":{"start":{"line":50,"column":22},"end":{"line":50,"column":23}},"loc":{"start":{"line":50,"column":34},"end":{"line":54,"column":6}}}},"branchMap":{"0":{"loc":{"start":{"line":17,"column":4},"end":{"line":28,"column":5}},"type":"if","locations":[{"start":{"line":17,"column":4},"end":{"line":28,"column":5}},{"start":{},"end":{}}]},"1":{"loc":{"start":{"line":18,"column":6},"end":{"line":19,"column":48}},"type":"binary-expr","locations":[{"start":{"line":18,"column":6},"end":{"line":18,"column":33}},{"start":{"line":19,"column":6},"end":{"line":19,"column":48}}]},"2":{"loc":{"start":{"line":30,"column":4},"end":{"line":38,"column":5}},"type":"if","locations":[{"start":{"line":30,"column":4},"end":{"line":38,"column":5}},{"start":{},"end":{}}]},"3":{"loc":{"start":{"line":34,"column":17},"end":{"line":34,"column":47}},"type":"binary-expr","locations":[{"start":{"line":34,"column":17},"end":{"line":34,"column":30}},{"start":{"line":34,"column":34},"end":{"line":34,"column":47}}]},"4":{"loc":{"start":{"line":35,"column":16},"end":{"line":35,"column":34}},"type":"binary-expr","locations":[{"start":{"line":35,"column":16},"end":{"line":35,"column":28}},{"start":{"line":35,"column":32},"end":{"line":35,"column":34}}]},"5":{"loc":{"start":{"line":40,"column":19},"end":{"line":40,"column":56}},"type":"binary-expr","locations":[{"start":{"line":40,"column":19},"end":{"line":40,"column":33}},{"start":{"line":40,"column":37},"end":{"line":40,"column":49}},{"start":{"line":40,"column":53},"end":{"line":40,"column":56}}]},"6":{"loc":{"start":{"line":43,"column":12},"end":{"line":43,"column":47}},"type":"binary-expr","locations":[{"start":{"line":43,"column":12},"end":{"line":43,"column":22}},{"start":{"line":43,"column":26},"end":{"line":43,"column":47}}]},"7":{"loc":{"start":{"line":44,"column":15},"end":{"line":44,"column":55}},"type":"binary-expr","locations":[{"start":{"line":44,"column":15},"end":{"line":44,"column":28}},{"start":{"line":44,"column":32},"end":{"line":44,"column":55}}]}},"s":{"0":1,"1":1,"2":1,"3":0,"4":0,"5":0,"6":0,"7":0,"8":0,"9":0,"10":0,"11":1,"12":1},"f":{"0":0,"1":0,"2":0},"b":{"0":[0,0],"1":[0,0],"2":[0,0],"3":[0,0],"4":[0,0],"5":[0,0,0],"6":[0,0],"7":[0,0]}}
,"E:\\projects\\hope-i-win\\src\\middleware\\middleware.ts": {"path":"E:\\projects\\hope-i-win\\src\\middleware\\middleware.ts","statementMap":{"0":{"start":{"line":3,"column":0},"end":{"line":3,"column":16}},"1":{"start":{"line":15,"column":0},"end":{"line":15,"column":16}},"2":{"start":{"line":8,"column":2},"end":{"line":8,"column":40}},"3":{"start":{"line":10,"column":2},"end":{"line":12,"column":3}},"4":{"start":{"line":11,"column":4},"end":{"line":11,"column":11}},"5":{"start":{"line":20,"column":2},"end":{"line":20,"column":39}},"6":{"start":{"line":21,"column":2},"end":{"line":23,"column":3}},"7":{"start":{"line":22,"column":4},"end":{"line":22,"column":11}}},"fnMap":{"0":{"name":"loggingBefore","decl":{"start":{"line":3,"column":16},"end":{"line":3,"column":29}},"loc":{"start":{"line":6,"column":21},"end":{"line":13,"column":1}}},"1":{"name":"loggingAfter","decl":{"start":{"line":15,"column":16},"end":{"line":15,"column":28}},"loc":{"start":{"line":18,"column":21},"end":{"line":24,"column":1}}}},"branchMap":{"0":{"loc":{"start":{"line":10,"column":2},"end":{"line":12,"column":3}},"type":"if","locations":[{"start":{"line":10,"column":2},"end":{"line":12,"column":3}},{"start":{},"end":{}}]},"1":{"loc":{"start":{"line":21,"column":2},"end":{"line":23,"column":3}},"type":"if","locations":[{"start":{"line":21,"column":2},"end":{"line":23,"column":3}},{"start":{},"end":{}}]}},"s":{"0":2,"1":2,"2":1,"3":1,"4":1,"5":1,"6":1,"7":1},"f":{"0":1,"1":1},"b":{"0":[1,0],"1":[1,0]}}
,"E:\\projects\\hope-i-win\\src\\model\\info.ts": {"path":"E:\\projects\\hope-i-win\\src\\model\\info.ts","statementMap":{"0":{"start":{"line":1,"column":0},"end":{"line":1,"column":66}},"1":{"start":{"line":3,"column":0},"end":{"line":3,"column":13}},"2":{"start":{"line":7,"column":2},"end":{"line":7,"column":null}},"3":{"start":{"line":12,"column":2},"end":{"line":12,"column":null}}},"fnMap":{},"branchMap":{},"s":{"0":1,"1":1,"2":1,"3":1},"f":{},"b":{}}
,"E:\\projects\\hope-i-win\\src\\model\\subscribe.ts": {"path":"E:\\projects\\hope-i-win\\src\\model\\subscribe.ts","statementMap":{"0":{"start":{"line":1,"column":0},"end":{"line":1,"column":null}},"1":{"start":{"line":9,"column":18},"end":{"line":9,"column":45}},"2":{"start":{"line":11,"column":0},"end":{"line":11,"column":13}},"3":{"start":{"line":16,"column":2},"end":{"line":16,"column":null}},"4":{"start":{"line":22,"column":2},"end":{"line":22,"column":null}}},"fnMap":{},"branchMap":{},"s":{"0":1,"1":1,"2":1,"3":1,"4":1},"f":{},"b":{}}
,"E:\\projects\\hope-i-win\\src\\scripts\\run-migration.ts": {"path":"E:\\projects\\hope-i-win\\src\\scripts\\run-migration.ts","statementMap":{"0":{"start":{"line":10,"column":0},"end":{"line":10,"column":7}},"1":{"start":{"line":1,"column":0},"end":{"line":1,"column":43}},"2":{"start":{"line":2,"column":0},"end":{"line":2,"column":43}},"3":{"start":{"line":3,"column":0},"end":{"line":3,"column":64}},"4":{"start":{"line":4,"column":0},"end":{"line":4,"column":28}},"5":{"start":{"line":7,"column":15},"end":{"line":7,"column":33}},"6":{"start":{"line":8,"column":0},"end":{"line":8,"column":47}},"7":{"start":{"line":11,"column":17},"end":{"line":11,"column":37}},"8":{"start":{"line":13,"column":2},"end":{"line":36,"column":3}},"9":{"start":{"line":14,"column":4},"end":{"line":14,"column":51}},"10":{"start":{"line":16,"column":19},"end":{"line":16,"column":43}},"11":{"start":{"line":18,"column":21},"end":{"line":21,"column":6}},"12":{"start":{"line":23,"column":4},"end":{"line":30,"column":5}},"13":{"start":{"line":24,"column":6},"end":{"line":24,"column":71}},"14":{"start":{"line":25,"column":6},"end":{"line":27,"column":9}},"15":{"start":{"line":26,"column":8},"end":{"line":26,"column":45}},"16":{"start":{"line":29,"column":6},"end":{"line":29,"column":47}},"17":{"start":{"line":32,"column":4},"end":{"line":32,"column":45}},"18":{"start":{"line":33,"column":4},"end":{"line":33,"column":16}},"19":{"start":{"line":35,"column":4},"end":{"line":35,"column":21}}},"fnMap":{"0":{"name":"runMigrations","decl":{"start":{"line":10,"column":22},"end":{"line":10,"column":35}},"loc":{"start":{"line":10,"column":35},"end":{"line":37,"column":1}}},"1":{"name":"(anonymous_11)","decl":{"start":{"line":25,"column":23},"end":{"line":25,"column":24}},"loc":{"start":{"line":25,"column":51},"end":{"line":27,"column":7}}}},"branchMap":{"0":{"loc":{"start":{"line":8,"column":15},"end":{"line":8,"column":46}},"type":"binary-expr","locations":[{"start":{"line":8,"column":15},"end":{"line":8,"column":36}},{"start":{"line":8,"column":40},"end":{"line":8,"column":46}}]},"1":{"loc":{"start":{"line":23,"column":4},"end":{"line":30,"column":5}},"type":"if","locations":[{"start":{"line":23,"column":4},"end":{"line":30,"column":5}},{"start":{"line":28,"column":11},"end":{"line":30,"column":5}}]}},"s":{"0":0,"1":0,"2":0,"3":0,"4":0,"5":0,"6":0,"7":0,"8":0,"9":0,"10":0,"11":0,"12":0,"13":0,"14":0,"15":0,"16":0,"17":0,"18":0,"19":0},"f":{"0":0,"1":0},"b":{"0":[0,0],"1":[0,0]}}
,"E:\\projects\\hope-i-win\\src\\services\\notifier.ts": {"path":"E:\\projects\\hope-i-win\\src\\services\\notifier.ts","statementMap":{"0":{"start":{"line":1,"column":0},"end":{"line":1,"column":36}},"1":{"start":{"line":2,"column":0},"end":{"line":2,"column":28}},"2":{"start":{"line":4,"column":15},"end":{"line":4,"column":33}},"3":{"start":{"line":5,"column":0},"end":{"line":5,"column":47}},"4":{"start":{"line":38,"column":4},"end":{"line":38,"column":80}},"5":{"start":{"line":39,"column":4},"end":{"line":39,"column":67}},"6":{"start":{"line":41,"column":4},"end":{"line":49,"column":7}},"7":{"start":{"line":51,"column":4},"end":{"line":51,"column":28}},"8":{"start":{"line":55,"column":4},"end":{"line":60,"column":5}},"9":{"start":{"line":56,"column":6},"end":{"line":56,"column":38}},"10":{"start":{"line":57,"column":6},"end":{"line":57,"column":62}},"11":{"start":{"line":59,"column":6},"end":{"line":59,"column":53}},"12":{"start":{"line":64,"column":4},"end":{"line":79,"column":5}},"13":{"start":{"line":65,"column":26},"end":{"line":71,"column":8}},"14":{"start":{"line":73,"column":19},"end":{"line":73,"column":63}},"15":{"start":{"line":74,"column":6},"end":{"line":74,"column":68}},"16":{"start":{"line":75,"column":6},"end":{"line":75,"column":18}},"17":{"start":{"line":77,"column":6},"end":{"line":77,"column":68}},"18":{"start":{"line":78,"column":6},"end":{"line":78,"column":19}},"19":{"start":{"line":83,"column":29},"end":{"line":83,"column":79}},"20":{"start":{"line":85,"column":20},"end":{"line":85,"column":72}},"21":{"start":{"line":87,"column":17},"end":{"line":99,"column":6}},"22":{"start":{"line":101,"column":17},"end":{"line":146,"column":6}},"23":{"start":{"line":148,"column":4},"end":{"line":153,"column":7}},"24":{"start":{"line":159,"column":28},"end":{"line":159,"column":86}},"25":{"start":{"line":161,"column":20},"end":{"line":161,"column":66}},"26":{"start":{"line":163,"column":17},"end":{"line":177,"column":6}},"27":{"start":{"line":179,"column":17},"end":{"line":285,"column":6}},"28":{"start":{"line":287,"column":4},"end":{"line":292,"column":7}},"29":{"start":{"line":299,"column":20},"end":{"line":299,"column":56}},"30":{"start":{"line":301,"column":17},"end":{"line":310,"column":6}},"31":{"start":{"line":312,"column":17},"end":{"line":337,"column":6}},"32":{"start":{"line":339,"column":4},"end":{"line":339,"column":62}},"33":{"start":{"line":343,"column":20},"end":{"line":343,"column":63}},"34":{"start":{"line":345,"column":17},"end":{"line":356,"column":6}},"35":{"start":{"line":358,"column":17},"end":{"line":384,"column":6}},"36":{"start":{"line":386,"column":4},"end":{"line":386,"column":62}},"37":{"start":{"line":390,"column":4},"end":{"line":396,"column":30}},"38":{"start":{"line":32,"column":0},"end":{"line":32,"column":13}},"39":{"start":{"line":400,"column":13},"end":{"line":400,"column":53}}},"fnMap":{"0":{"name":"(anonymous_1)","decl":{"start":{"line":37,"column":2},"end":{"line":37,"column":null}},"loc":{"start":{"line":37,"column":2},"end":{"line":52,"column":3}}},"1":{"name":"(anonymous_2)","decl":{"start":{"line":54,"column":10},"end":{"line":54,"column":15}},"loc":{"start":{"line":54,"column":32},"end":{"line":61,"column":3}}},"2":{"name":"(anonymous_3)","decl":{"start":{"line":63,"column":10},"end":{"line":63,"column":15}},"loc":{"start":{"line":63,"column":47},"end":{"line":80,"column":3}}},"3":{"name":"(anonymous_4)","decl":{"start":{"line":82,"column":2},"end":{"line":82,"column":7}},"loc":{"start":{"line":82,"column":57},"end":{"line":154,"column":3}}},"4":{"name":"(anonymous_5)","decl":{"start":{"line":156,"column":2},"end":{"line":156,"column":7}},"loc":{"start":{"line":157,"column":33},"end":{"line":293,"column":3}}},"5":{"name":"(anonymous_6)","decl":{"start":{"line":295,"column":2},"end":{"line":295,"column":7}},"loc":{"start":{"line":297,"column":16},"end":{"line":340,"column":3}}},"6":{"name":"(anonymous_7)","decl":{"start":{"line":342,"column":2},"end":{"line":342,"column":7}},"loc":{"start":{"line":342,"column":52},"end":{"line":387,"column":3}}},"7":{"name":"(anonymous_8)","decl":{"start":{"line":389,"column":10},"end":{"line":389,"column":28}},"loc":{"start":{"line":389,"column":42},"end":{"line":397,"column":3}}}},"branchMap":{"0":{"loc":{"start":{"line":5,"column":15},"end":{"line":5,"column":46}},"type":"binary-expr","locations":[{"start":{"line":5,"column":15},"end":{"line":5,"column":36}},{"start":{"line":5,"column":40},"end":{"line":5,"column":46}}]},"1":{"loc":{"start":{"line":38,"column":21},"end":{"line":38,"column":79}},"type":"binary-expr","locations":[{"start":{"line":38,"column":21},"end":{"line":38,"column":43}},{"start":{"line":38,"column":47},"end":{"line":38,"column":79}}]},"2":{"loc":{"start":{"line":39,"column":19},"end":{"line":39,"column":66}},"type":"binary-expr","locations":[{"start":{"line":39,"column":19},"end":{"line":39,"column":39}},{"start":{"line":39,"column":43},"end":{"line":39,"column":66}}]},"3":{"loc":{"start":{"line":42,"column":12},"end":{"line":42,"column":53}},"type":"binary-expr","locations":[{"start":{"line":42,"column":12},"end":{"line":42,"column":33}},{"start":{"line":42,"column":37},"end":{"line":42,"column":53}}]},"4":{"loc":{"start":{"line":43,"column":21},"end":{"line":43,"column":51}},"type":"binary-expr","locations":[{"start":{"line":43,"column":21},"end":{"line":43,"column":42}},{"start":{"line":43,"column":46},"end":{"line":43,"column":51}}]},"5":{"loc":{"start":{"line":167,"column":17},"end":{"line":167,"column":49}},"type":"binary-expr","locations":[{"start":{"line":167,"column":17},"end":{"line":167,"column":33}},{"start":{"line":167,"column":37},"end":{"line":167,"column":49}}]},"6":{"loc":{"start":{"line":172,"column":8},"end":{"line":172,"column":73}},"type":"cond-expr","locations":[{"start":{"line":172,"column":28},"end":{"line":172,"column":68}},{"start":{"line":172,"column":71},"end":{"line":172,"column":73}}]},"7":{"loc":{"start":{"line":251,"column":18},"end":{"line":251,"column":50}},"type":"binary-expr","locations":[{"start":{"line":251,"column":18},"end":{"line":251,"column":34}},{"start":{"line":251,"column":38},"end":{"line":251,"column":50}}]},"8":{"loc":{"start":{"line":260,"column":14},"end":{"line":267,"column":null}},"type":"cond-expr","locations":[{"start":{"line":261,"column":18},"end":{"line":266,"column":null}},{"start":{"line":267,"column":18},"end":{"line":267,"column":null}}]}},"s":{"0":1,"1":1,"2":1,"3":1,"4":34,"5":34,"6":34,"7":34,"8":34,"9":34,"10":33,"11":1,"12":35,"13":35,"14":35,"15":26,"16":26,"17":9,"18":9,"19":10,"20":10,"21":10,"22":10,"23":10,"24":12,"25":12,"26":12,"27":12,"28":12,"29":6,"30":6,"31":6,"32":6,"33":7,"34":7,"35":7,"36":7,"37":12,"38":1,"39":1},"f":{"0":34,"1":34,"2":35,"3":10,"4":12,"5":6,"6":7,"7":12},"b":{"0":[1,1],"1":[34,33],"2":[34,33],"3":[34,34],"4":[34,34],"5":[12,0],"6":[12,0],"7":[12,0],"8":[12,0]}}
,"E:\\projects\\hope-i-win\\src\\services\\release-tracker.ts": {"path":"E:\\projects\\hope-i-win\\src\\services\\release-tracker.ts","statementMap":{"0":{"start":{"line":1,"column":0},"end":{"line":1,"column":40}},"1":{"start":{"line":2,"column":0},"end":{"line":2,"column":28}},"2":{"start":{"line":3,"column":0},"end":{"line":3,"column":43}},"3":{"start":{"line":5,"column":15},"end":{"line":5,"column":33}},"4":{"start":{"line":6,"column":0},"end":{"line":6,"column":47}},"5":{"start":{"line":31,"column":4},"end":{"line":34,"column":7}},"6":{"start":{"line":38,"column":19},"end":{"line":38,"column":39}},"7":{"start":{"line":40,"column":4},"end":{"line":57,"column":5}},"8":{"start":{"line":41,"column":20},"end":{"line":51,"column":8}},"9":{"start":{"line":53,"column":21},"end":{"line":53,"column":46}},"10":{"start":{"line":54,"column":6},"end":{"line":54,"column":25}},"11":{"start":{"line":56,"column":6},"end":{"line":56,"column":23}},"12":{"start":{"line":64,"column":4},"end":{"line":79,"column":5}},"13":{"start":{"line":65,"column":23},"end":{"line":68,"column":8}},"14":{"start":{"line":70,"column":6},"end":{"line":70,"column":44}},"15":{"start":{"line":72,"column":6},"end":{"line":75,"column":7}},"16":{"start":{"line":73,"column":8},"end":{"line":73,"column":62}},"17":{"start":{"line":74,"column":8},"end":{"line":74,"column":20}},"18":{"start":{"line":77,"column":6},"end":{"line":77,"column":75}},"19":{"start":{"line":78,"column":6},"end":{"line":78,"column":18}},"20":{"start":{"line":87,"column":4},"end":{"line":98,"column":5}},"21":{"start":{"line":88,"column":23},"end":{"line":92,"column":8}},"22":{"start":{"line":94,"column":6},"end":{"line":94,"column":46}},"23":{"start":{"line":96,"column":6},"end":{"line":96,"column":75}},"24":{"start":{"line":97,"column":6},"end":{"line":97,"column":16}},"25":{"start":{"line":102,"column":4},"end":{"line":102,"column":77}},"26":{"start":{"line":104,"column":4},"end":{"line":153,"column":5}},"27":{"start":{"line":105,"column":28},"end":{"line":107,"column":null}},"28":{"start":{"line":110,"column":6},"end":{"line":113,"column":7}},"29":{"start":{"line":111,"column":8},"end":{"line":111,"column":79}},"30":{"start":{"line":112,"column":8},"end":{"line":112,"column":21}},"31":{"start":{"line":115,"column":6},"end":{"line":120,"column":7}},"32":{"start":{"line":116,"column":8},"end":{"line":118,"column":10}},"33":{"start":{"line":119,"column":8},"end":{"line":119,"column":21}},"34":{"start":{"line":122,"column":6},"end":{"line":146,"column":7}},"35":{"start":{"line":123,"column":8},"end":{"line":123,"column":48}},"36":{"start":{"line":124,"column":8},"end":{"line":124,"column":68}},"37":{"start":{"line":125,"column":8},"end":{"line":125,"column":54}},"38":{"start":{"line":126,"column":8},"end":{"line":126,"column":64}},"39":{"start":{"line":127,"column":8},"end":{"line":127,"column":64}},"40":{"start":{"line":128,"column":8},"end":{"line":128,"column":54}},"41":{"start":{"line":130,"column":8},"end":{"line":134,"column":9}},"42":{"start":{"line":131,"column":10},"end":{"line":133,"column":12}},"43":{"start":{"line":136,"column":8},"end":{"line":136,"column":27}},"44":{"start":{"line":138,"column":8},"end":{"line":138,"column":70}},"45":{"start":{"line":140,"column":8},"end":{"line":140,"column":20}},"46":{"start":{"line":142,"column":8},"end":{"line":144,"column":10}},"47":{"start":{"line":145,"column":8},"end":{"line":145,"column":21}},"48":{"start":{"line":148,"column":6},"end":{"line":151,"column":8}},"49":{"start":{"line":152,"column":6},"end":{"line":152,"column":19}},"50":{"start":{"line":160,"column":19},"end":{"line":160,"column":39}},"51":{"start":{"line":162,"column":4},"end":{"line":178,"column":5}},"52":{"start":{"line":163,"column":20},"end":{"line":167,"column":8}},"53":{"start":{"line":169,"column":6},"end":{"line":169,"column":57}},"54":{"start":{"line":170,"column":6},"end":{"line":172,"column":8}},"55":{"start":{"line":174,"column":6},"end":{"line":174,"column":61}},"56":{"start":{"line":175,"column":6},"end":{"line":175,"column":18}},"57":{"start":{"line":177,"column":6},"end":{"line":177,"column":23}},"58":{"start":{"line":186,"column":4},"end":{"line":186,"column":32}},"59":{"start":{"line":187,"column":4},"end":{"line":187,"column":66}},"60":{"start":{"line":188,"column":4},"end":{"line":188,"column":32}},"61":{"start":{"line":190,"column":25},"end":{"line":190,"column":59}},"62":{"start":{"line":191,"column":4},"end":{"line":191,"column":77}},"63":{"start":{"line":193,"column":27},"end":{"line":193,"column":28}},"64":{"start":{"line":194,"column":69},"end":{"line":194,"column":71}},"65":{"start":{"line":196,"column":4},"end":{"line":212,"column":5}},"66":{"start":{"line":197,"column":6},"end":{"line":211,"column":7}},"67":{"start":{"line":198,"column":30},"end":{"line":198,"column":76}},"68":{"start":{"line":200,"column":8},"end":{"line":206,"column":9}},"69":{"start":{"line":201,"column":10},"end":{"line":201,"column":29}},"70":{"start":{"line":202,"column":10},"end":{"line":205,"column":13}},"71":{"start":{"line":208,"column":8},"end":{"line":208,"column":31}},"72":{"start":{"line":210,"column":8},"end":{"line":210,"column":80}},"73":{"start":{"line":214,"column":4},"end":{"line":214,"column":32}},"74":{"start":{"line":215,"column":4},"end":{"line":215,"column":44}},"75":{"start":{"line":216,"column":4},"end":{"line":216,"column":57}},"76":{"start":{"line":217,"column":4},"end":{"line":217,"column":59}},"77":{"start":{"line":219,"column":4},"end":{"line":224,"column":5}},"78":{"start":{"line":220,"column":6},"end":{"line":220,"column":35}},"79":{"start":{"line":221,"column":6},"end":{"line":223,"column":9}},"80":{"start":{"line":222,"column":8},"end":{"line":222,"column":57}},"81":{"start":{"line":226,"column":4},"end":{"line":226,"column":32}},"82":{"start":{"line":228,"column":4},"end":{"line":232,"column":6}},"83":{"start":{"line":236,"column":4},"end":{"line":236,"column":66}},"84":{"start":{"line":238,"column":33},"end":{"line":243,"column":6}},"85":{"start":{"line":245,"column":19},"end":{"line":245,"column":39}},"86":{"start":{"line":246,"column":4},"end":{"line":260,"column":5}},"87":{"start":{"line":247,"column":20},"end":{"line":252,"column":8}},"88":{"start":{"line":254,"column":21},"end":{"line":254,"column":61}},"89":{"start":{"line":255,"column":6},"end":{"line":257,"column":7}},"90":{"start":{"line":256,"column":8},"end":{"line":256,"column":62}},"91":{"start":{"line":259,"column":6},"end":{"line":259,"column":23}},"92":{"start":{"line":262,"column":4},"end":{"line":262,"column":55}},"93":{"start":{"line":266,"column":4},"end":{"line":278,"column":5}},"94":{"start":{"line":267,"column":23},"end":{"line":267,"column":62}},"95":{"start":{"line":268,"column":24},"end":{"line":268,"column":42}},"96":{"start":{"line":270,"column":6},"end":{"line":270,"column":44}},"97":{"start":{"line":271,"column":6},"end":{"line":271,"column":49}},"98":{"start":{"line":272,"column":6},"end":{"line":272,"column":57}},"99":{"start":{"line":273,"column":6},"end":{"line":275,"column":8}},"100":{"start":{"line":277,"column":6},"end":{"line":277,"column":60}},"101":{"start":{"line":282,"column":4},"end":{"line":282,"column":61}},"102":{"start":{"line":282,"column":36},"end":{"line":282,"column":59}},"103":{"start":{"line":27,"column":0},"end":{"line":27,"column":13}},"104":{"start":{"line":286,"column":13},"end":{"line":286,"column":65}}},"fnMap":{"0":{"name":"(anonymous_1)","decl":{"start":{"line":30,"column":2},"end":{"line":30,"column":null}},"loc":{"start":{"line":30,"column":2},"end":{"line":35,"column":3}}},"1":{"name":"(anonymous_2)","decl":{"start":{"line":37,"column":2},"end":{"line":37,"column":7}},"loc":{"start":{"line":37,"column":29},"end":{"line":58,"column":3}}},"2":{"name":"(anonymous_3)","decl":{"start":{"line":60,"column":2},"end":{"line":60,"column":7}},"loc":{"start":{"line":62,"column":16},"end":{"line":80,"column":3}}},"3":{"name":"(anonymous_4)","decl":{"start":{"line":82,"column":2},"end":{"line":82,"column":7}},"loc":{"start":{"line":85,"column":14},"end":{"line":99,"column":3}}},"4":{"name":"(anonymous_5)","decl":{"start":{"line":101,"column":2},"end":{"line":101,"column":7}},"loc":{"start":{"line":101,"column":54},"end":{"line":154,"column":3}}},"5":{"name":"(anonymous_6)","decl":{"start":{"line":156,"column":2},"end":{"line":156,"column":7}},"loc":{"start":{"line":158,"column":19},"end":{"line":179,"column":3}}},"6":{"name":"(anonymous_7)","decl":{"start":{"line":181,"column":2},"end":{"line":181,"column":7}},"loc":{"start":{"line":181,"column":28},"end":{"line":233,"column":3}}},"7":{"name":"(anonymous_8)","decl":{"start":{"line":221,"column":33},"end":{"line":221,"column":34}},"loc":{"start":{"line":221,"column":44},"end":{"line":223,"column":7}}},"8":{"name":"(anonymous_9)","decl":{"start":{"line":235,"column":2},"end":{"line":235,"column":7}},"loc":{"start":{"line":235,"column":59},"end":{"line":263,"column":3}}},"9":{"name":"(anonymous_10)","decl":{"start":{"line":265,"column":2},"end":{"line":265,"column":7}},"loc":{"start":{"line":265,"column":24},"end":{"line":279,"column":3}}},"10":{"name":"(anonymous_11)","decl":{"start":{"line":281,"column":10},"end":{"line":281,"column":15}},"loc":{"start":{"line":281,"column":26},"end":{"line":283,"column":3}}},"11":{"name":"(anonymous_12)","decl":{"start":{"line":282,"column":23},"end":{"line":282,"column":24}},"loc":{"start":{"line":282,"column":36},"end":{"line":282,"column":59}}}},"branchMap":{"0":{"loc":{"start":{"line":6,"column":15},"end":{"line":6,"column":46}},"type":"binary-expr","locations":[{"start":{"line":6,"column":15},"end":{"line":6,"column":36}},{"start":{"line":6,"column":40},"end":{"line":6,"column":46}}]},"1":{"loc":{"start":{"line":72,"column":6},"end":{"line":75,"column":7}},"type":"if","locations":[{"start":{"line":72,"column":6},"end":{"line":75,"column":7}},{"start":{},"end":{}}]},"2":{"loc":{"start":{"line":85,"column":4},"end":{"line":85,"column":14}},"type":"default-arg","locations":[{"start":{"line":85,"column":12},"end":{"line":85,"column":14}}]},"3":{"loc":{"start":{"line":110,"column":6},"end":{"line":113,"column":7}},"type":"if","locations":[{"start":{"line":110,"column":6},"end":{"line":113,"column":7}},{"start":{},"end":{}}]},"4":{"loc":{"start":{"line":115,"column":6},"end":{"line":120,"column":7}},"type":"if","locations":[{"start":{"line":115,"column":6},"end":{"line":120,"column":7}},{"start":{},"end":{}}]},"5":{"loc":{"start":{"line":122,"column":6},"end":{"line":146,"column":7}},"type":"if","locations":[{"start":{"line":122,"column":6},"end":{"line":146,"column":7}},{"start":{"line":141,"column":13},"end":{"line":146,"column":7}}]},"6":{"loc":{"start":{"line":126,"column":29},"end":{"line":126,"column":60}},"type":"binary-expr","locations":[{"start":{"line":126,"column":29},"end":{"line":126,"column":47}},{"start":{"line":126,"column":51},"end":{"line":126,"column":60}}]},"7":{"loc":{"start":{"line":130,"column":8},"end":{"line":134,"column":9}},"type":"if","locations":[{"start":{"line":130,"column":8},"end":{"line":134,"column":9}},{"start":{},"end":{}}]},"8":{"loc":{"start":{"line":200,"column":8},"end":{"line":206,"column":9}},"type":"if","locations":[{"start":{"line":200,"column":8},"end":{"line":206,"column":9}},{"start":{},"end":{}}]},"9":{"loc":{"start":{"line":204,"column":17},"end":{"line":204,"column":48}},"type":"binary-expr","locations":[{"start":{"line":204,"column":17},"end":{"line":204,"column":35}},{"start":{"line":204,"column":39},"end":{"line":204,"column":48}}]},"10":{"loc":{"start":{"line":219,"column":4},"end":{"line":224,"column":5}},"type":"if","locations":[{"start":{"line":219,"column":4},"end":{"line":224,"column":5}},{"start":{},"end":{}}]},"11":{"loc":{"start":{"line":255,"column":6},"end":{"line":257,"column":7}},"type":"if","locations":[{"start":{"line":255,"column":6},"end":{"line":257,"column":7}},{"start":{},"end":{}}]}},"s":{"0":1,"1":1,"2":1,"3":1,"4":1,"5":26,"6":5,"7":5,"8":5,"9":5,"10":4,"11":5,"12":11,"13":11,"14":7,"15":4,"16":3,"17":3,"18":1,"19":1,"20":4,"21":4,"22":3,"23":1,"24":1,"25":8,"26":8,"27":8,"28":8,"29":2,"30":2,"31":6,"32":1,"33":1,"34":5,"35":3,"36":3,"37":3,"38":3,"39":3,"40":3,"41":3,"42":3,"43":3,"44":3,"45":2,"46":2,"47":2,"48":1,"49":1,"50":6,"51":6,"52":6,"53":6,"54":4,"55":2,"56":2,"57":6,"58":1,"59":1,"60":1,"61":1,"62":1,"63":1,"64":1,"65":1,"66":0,"67":0,"68":0,"69":0,"70":0,"71":0,"72":0,"73":1,"74":1,"75":1,"76":1,"77":1,"78":0,"79":0,"80":0,"81":1,"82":1,"83":3,"84":3,"85":3,"86":3,"87":3,"88":3,"89":3,"90":1,"91":3,"92":3,"93":2,"94":2,"95":1,"96":1,"97":1,"98":1,"99":1,"100":1,"101":0,"102":0,"103":1,"104":1},"f":{"0":26,"1":5,"2":11,"3":4,"4":8,"5":6,"6":1,"7":0,"8":3,"9":2,"10":0,"11":0},"b":{"0":[1,1],"1":[3,1],"2":[3],"3":[2,6],"4":[1,5],"5":[3,2],"6":[3,0],"7":[3,0],"8":[0,0],"9":[0,0],"10":[0,1],"11":[1,2]}}
}
