TN:
SF:src\index.ts
FN:31,initializeDatabase
FN:57,(anonymous_11)
FN:65,(anonymous_12)
FN:74,(anonymous_13)
FN:80,(anonymous_14)
FN:86,(anonymous_15)
FNF:6
FNH:0
FNDA:0,initializeDatabase
FNDA:0,(anonymous_11)
FNDA:0,(anonymous_12)
FNDA:0,(anonymous_13)
FNDA:0,(anonymous_14)
FNDA:0,(anonymous_15)
DA:1,0
DA:2,0
DA:3,0
DA:4,0
DA:5,0
DA:6,0
DA:7,0
DA:8,0
DA:9,0
DA:10,0
DA:11,0
DA:12,0
DA:16,0
DA:17,0
DA:18,0
DA:20,0
DA:22,0
DA:23,0
DA:25,0
DA:26,0
DA:27,0
DA:28,0
DA:29,0
DA:32,0
DA:33,0
DA:34,0
DA:36,0
DA:38,0
DA:39,0
DA:40,0
DA:44,0
DA:47,0
DA:49,0
DA:51,0
DA:52,0
DA:56,0
DA:58,0
DA:64,0
DA:65,0
DA:66,0
DA:67,0
DA:71,0
DA:75,0
DA:76,0
DA:80,0
DA:81,0
DA:82,0
DA:83,0
DA:86,0
DA:87,0
DA:88,0
DA:89,0
LF:52
LH:0
BRDA:23,0,0,0
BRDA:23,0,1,0
BRDA:38,1,0,0
BRDA:38,1,1,0
BRDA:41,2,0,0
BRDA:41,2,1,0
BRDA:64,3,0,0
BRDA:64,3,1,0
BRF:8
BRH:0
end_of_record
TN:
SF:src\config\db-connection.ts
FN:15,(anonymous_10)
FN:19,(anonymous_11)
FN:24,checkMigrationsTable
FN:39,getCurrentMigrationVersion
FNF:4
FNH:0
FNDA:0,(anonymous_10)
FNDA:0,(anonymous_11)
FNDA:0,checkMigrationsTable
FNDA:0,getCurrentMigrationVersion
DA:1,0
DA:2,0
DA:3,0
DA:5,0
DA:7,0
DA:15,0
DA:16,0
DA:19,0
DA:20,0
DA:21,0
DA:24,0
DA:25,0
DA:26,0
DA:27,0
DA:33,0
DA:35,0
DA:39,0
DA:40,0
DA:41,0
DA:42,0
DA:45,0
DA:47,0
DA:49,0
DA:53,0
LF:24
LH:0
BRDA:8,0,0,0
BRDA:8,0,1,0
BRDA:9,1,0,0
BRDA:9,1,1,0
BRDA:10,2,0,0
BRDA:10,2,1,0
BRDA:11,3,0,0
BRDA:11,3,1,0
BRDA:12,4,0,0
BRDA:12,4,1,0
BRDA:45,5,0,0
BRDA:45,5,1,0
BRF:12
BRH:0
end_of_record
TN:
SF:src\config\migration-config.ts
FN:3,(anonymous_0)
FNF:1
FNH:0
FNDA:0,(anonymous_0)
DA:3,0
LF:1
LH:0
BRDA:5,0,0,0
BRDA:5,0,1,0
BRDA:6,1,0,0
BRDA:6,1,1,0
BRDA:7,2,0,0
BRDA:7,2,1,0
BRDA:8,3,0,0
BRDA:8,3,1,0
BRDA:9,4,0,0
BRDA:9,4,1,0
BRF:10
BRH:0
end_of_record
TN:
SF:src\controllers\subscribe-controller.ts
FN:30,(anonymous_5)
FN:90,(anonymous_6)
FN:137,(anonymous_7)
FN:170,(anonymous_8)
FN:188,(anonymous_9)
FN:380,(anonymous_10)
FNF:6
FNH:6
FNDA:4,(anonymous_5)
FNDA:3,(anonymous_6)
FNDA:4,(anonymous_7)
FNDA:1,(anonymous_8)
FNDA:8,(anonymous_9)
FNDA:5,(anonymous_10)
DA:1,1
DA:13,1
DA:14,1
DA:15,1
DA:16,1
DA:17,1
DA:18,1
DA:19,1
DA:21,1
DA:28,1
DA:30,1
DA:31,4
DA:33,4
DA:34,4
DA:42,4
DA:44,3
DA:45,1
DA:48,2
DA:50,2
DA:51,1
DA:60,1
DA:69,1
DA:71,1
DA:76,1
DA:85,4
DA:90,1
DA:91,3
DA:93,3
DA:94,3
DA:102,3
DA:104,2
DA:105,1
DA:108,1
DA:110,1
DA:117,1
DA:119,1
DA:124,1
DA:132,3
DA:137,1
DA:138,4
DA:139,1
DA:142,3
DA:144,3
DA:145,3
DA:165,3
DA:167,2
DA:170,1
DA:183,3
DA:188,1
DA:189,8
DA:191,8
DA:192,8
DA:194,8
DA:195,8
DA:197,8
DA:198,8
DA:203,1
DA:204,1
DA:208,0
DA:211,7
DA:221,7
DA:224,7
DA:226,7
DA:232,6
DA:233,6
DA:235,6
DA:245,6
DA:246,6
DA:247,6
DA:251,6
DA:257,6
DA:262,6
DA:263,2
DA:265,2
DA:266,1
DA:271,1
DA:273,1
DA:281,1
DA:286,1
DA:288,1
DA:295,1
DA:297,1
DA:310,4
DA:312,4
DA:313,4
DA:314,4
DA:318,3
DA:320,1
DA:323,4
DA:336,4
DA:343,4
DA:345,4
DA:347,4
DA:354,3
DA:356,3
DA:360,3
DA:373,4
DA:374,4
DA:376,8
DA:381,5
LF:100
LH:99
BRDA:44,0,0,1
BRDA:44,0,1,2
BRDA:50,1,0,1
BRDA:50,1,1,1
BRDA:104,2,0,1
BRDA:104,2,1,1
BRDA:138,3,0,1
BRDA:138,3,1,3
BRDA:203,4,0,1
BRDA:203,4,1,0
BRDA:262,5,0,2
BRDA:262,5,1,4
BRDA:265,6,0,1
BRDA:265,6,1,1
BRDA:286,7,0,1
BRDA:286,7,1,1
BRDA:345,8,0,4
BRDA:345,8,1,4
BRF:18
BRH:17
end_of_record
TN:
SF:src\controllers\user-controller.ts
FN:27,(anonymous_4)
FN:33,(anonymous_5)
FN:20,(anonymous_6)
FNF:3
FNH:2
FNDA:0,(anonymous_4)
FNDA:2,(anonymous_5)
FNDA:1,(anonymous_6)
DA:1,1
DA:13,1
DA:14,1
DA:15,1
DA:21,1
DA:22,1
DA:23,1
DA:25,1
DA:27,1
DA:28,0
DA:33,1
DA:34,2
LF:12
LH:11
BRF:0
BRH:0
end_of_record
TN:
SF:src\cron\release-tracker.crone.ts
FN:8,startReleaseTrackerCron
FN:9,(anonymous_2)
FN:28,manualCheck
FNF:3
FNH:0
FNDA:0,startReleaseTrackerCron
FNDA:0,(anonymous_2)
FNDA:0,manualCheck
DA:1,0
DA:2,0
DA:3,0
DA:5,0
DA:6,0
DA:8,0
DA:9,0
DA:10,0
DA:12,0
DA:13,0
DA:15,0
DA:16,0
DA:19,0
DA:21,0
DA:25,0
DA:28,0
DA:29,0
DA:30,0
DA:31,0
LF:19
LH:0
BRDA:6,0,0,0
BRDA:6,0,1,0
BRDA:15,1,0,0
BRDA:15,1,1,0
BRF:4
BRH:0
end_of_record
TN:
SF:src\middleware\global-error-handler.ts
FN:16,(anonymous_1)
FN:49,(anonymous_2)
FN:50,(anonymous_3)
FNF:3
FNH:0
FNDA:0,(anonymous_1)
FNDA:0,(anonymous_2)
FNDA:0,(anonymous_3)
DA:1,1
DA:5,1
DA:15,1
DA:17,0
DA:21,0
DA:30,0
DA:31,0
DA:40,0
DA:41,0
DA:50,0
LF:10
LH:3
BRDA:17,0,0,0
BRDA:17,0,1,0
BRDA:18,1,0,0
BRDA:18,1,1,0
BRDA:30,2,0,0
BRDA:30,2,1,0
BRDA:34,3,0,0
BRDA:34,3,1,0
BRDA:35,4,0,0
BRDA:35,4,1,0
BRDA:40,5,0,0
BRDA:40,5,1,0
BRDA:40,5,2,0
BRDA:43,6,0,0
BRDA:43,6,1,0
BRDA:44,7,0,0
BRDA:44,7,1,0
BRF:17
BRH:0
end_of_record
TN:
SF:src\middleware\middleware.ts
FN:3,loggingBefore
FN:15,loggingAfter
FNF:2
FNH:2
FNDA:1,loggingBefore
FNDA:1,loggingAfter
DA:3,2
DA:8,1
DA:10,1
DA:11,1
DA:15,2
DA:20,1
DA:21,1
DA:22,1
LF:8
LH:8
BRDA:10,0,0,1
BRDA:10,0,1,0
BRDA:21,1,0,1
BRDA:21,1,1,0
BRF:4
BRH:2
end_of_record
TN:
SF:src\model\info.ts
FNF:0
FNH:0
DA:1,1
DA:3,1
DA:7,1
DA:12,1
LF:4
LH:4
BRF:0
BRH:0
end_of_record
TN:
SF:src\model\subscribe.ts
FNF:0
FNH:0
DA:1,1
DA:9,1
DA:11,1
DA:16,1
DA:22,1
LF:5
LH:5
BRF:0
BRH:0
end_of_record
TN:
SF:src\scripts\run-migration.ts
FN:10,runMigrations
FN:25,(anonymous_11)
FNF:2
FNH:0
FNDA:0,runMigrations
FNDA:0,(anonymous_11)
DA:1,0
DA:2,0
DA:3,0
DA:4,0
DA:7,0
DA:8,0
DA:10,0
DA:11,0
DA:13,0
DA:14,0
DA:16,0
DA:18,0
DA:23,0
DA:24,0
DA:25,0
DA:26,0
DA:29,0
DA:32,0
DA:33,0
DA:35,0
LF:20
LH:0
BRDA:8,0,0,0
BRDA:8,0,1,0
BRDA:23,1,0,0
BRDA:23,1,1,0
BRF:4
BRH:0
end_of_record
TN:
SF:src\services\notifier.ts
FN:37,(anonymous_1)
FN:54,(anonymous_2)
FN:63,(anonymous_3)
FN:82,(anonymous_4)
FN:156,(anonymous_5)
FN:295,(anonymous_6)
FN:342,(anonymous_7)
FN:389,(anonymous_8)
FNF:8
FNH:8
FNDA:34,(anonymous_1)
FNDA:34,(anonymous_2)
FNDA:35,(anonymous_3)
FNDA:10,(anonymous_4)
FNDA:12,(anonymous_5)
FNDA:6,(anonymous_6)
FNDA:7,(anonymous_7)
FNDA:12,(anonymous_8)
DA:1,1
DA:2,1
DA:4,1
DA:5,1
DA:32,1
DA:38,34
DA:39,34
DA:41,34
DA:51,34
DA:55,34
DA:56,34
DA:57,33
DA:59,1
DA:64,35
DA:65,35
DA:73,35
DA:74,26
DA:75,26
DA:77,9
DA:78,9
DA:83,10
DA:85,10
DA:87,10
DA:101,10
DA:148,10
DA:159,12
DA:161,12
DA:163,12
DA:179,12
DA:287,12
DA:299,6
DA:301,6
DA:312,6
DA:339,6
DA:343,7
DA:345,7
DA:358,7
DA:386,7
DA:390,12
DA:400,1
LF:40
LH:40
BRDA:5,0,0,1
BRDA:5,0,1,1
BRDA:38,1,0,34
BRDA:38,1,1,33
BRDA:39,2,0,34
BRDA:39,2,1,33
BRDA:42,3,0,34
BRDA:42,3,1,34
BRDA:43,4,0,34
BRDA:43,4,1,34
BRDA:167,5,0,12
BRDA:167,5,1,0
BRDA:172,6,0,12
BRDA:172,6,1,0
BRDA:251,7,0,12
BRDA:251,7,1,0
BRDA:260,8,0,12
BRDA:260,8,1,0
BRF:18
BRH:14
end_of_record
TN:
SF:src\services\release-tracker.ts
FN:30,(anonymous_1)
FN:37,(anonymous_2)
FN:60,(anonymous_3)
FN:82,(anonymous_4)
FN:101,(anonymous_5)
FN:156,(anonymous_6)
FN:181,(anonymous_7)
FN:221,(anonymous_8)
FN:235,(anonymous_9)
FN:265,(anonymous_10)
FN:281,(anonymous_11)
FN:282,(anonymous_12)
FNF:12
FNH:9
FNDA:26,(anonymous_1)
FNDA:5,(anonymous_2)
FNDA:11,(anonymous_3)
FNDA:4,(anonymous_4)
FNDA:8,(anonymous_5)
FNDA:6,(anonymous_6)
FNDA:1,(anonymous_7)
FNDA:0,(anonymous_8)
FNDA:3,(anonymous_9)
FNDA:2,(anonymous_10)
FNDA:0,(anonymous_11)
FNDA:0,(anonymous_12)
DA:1,1
DA:2,1
DA:3,1
DA:5,1
DA:6,1
DA:27,1
DA:31,26
DA:38,5
DA:40,5
DA:41,5
DA:53,5
DA:54,4
DA:56,5
DA:64,11
DA:65,11
DA:70,7
DA:72,4
DA:73,3
DA:74,3
DA:77,1
DA:78,1
DA:87,4
DA:88,4
DA:94,3
DA:96,1
DA:97,1
DA:102,8
DA:104,8
DA:105,8
DA:110,8
DA:111,2
DA:112,2
DA:115,6
DA:116,1
DA:119,1
DA:122,5
DA:123,3
DA:124,3
DA:125,3
DA:126,3
DA:127,3
DA:128,3
DA:130,3
DA:131,3
DA:136,3
DA:138,3
DA:140,2
DA:142,2
DA:145,2
DA:148,1
DA:152,1
DA:160,6
DA:162,6
DA:163,6
DA:169,6
DA:170,4
DA:174,2
DA:175,2
DA:177,6
DA:186,1
DA:187,1
DA:188,1
DA:190,1
DA:191,1
DA:193,1
DA:194,1
DA:196,1
DA:197,0
DA:198,0
DA:200,0
DA:201,0
DA:202,0
DA:208,0
DA:210,0
DA:214,1
DA:215,1
DA:216,1
DA:217,1
DA:219,1
DA:220,0
DA:221,0
DA:222,0
DA:226,1
DA:228,1
DA:236,3
DA:238,3
DA:245,3
DA:246,3
DA:247,3
DA:254,3
DA:255,3
DA:256,1
DA:259,3
DA:262,3
DA:266,2
DA:267,2
DA:268,1
DA:270,1
DA:271,1
DA:272,1
DA:273,1
DA:277,1
DA:282,0
DA:286,1
LF:104
LH:93
BRDA:6,0,0,1
BRDA:6,0,1,1
BRDA:72,1,0,3
BRDA:72,1,1,1
BRDA:85,2,0,3
BRDA:110,3,0,2
BRDA:110,3,1,6
BRDA:115,4,0,1
BRDA:115,4,1,5
BRDA:122,5,0,3
BRDA:122,5,1,2
BRDA:126,6,0,3
BRDA:126,6,1,0
BRDA:130,7,0,3
BRDA:130,7,1,0
BRDA:200,8,0,0
BRDA:200,8,1,0
BRDA:204,9,0,0
BRDA:204,9,1,0
BRDA:219,10,0,0
BRDA:219,10,1,1
BRDA:255,11,0,1
BRDA:255,11,1,2
BRF:23
BRH:16
end_of_record
