TN:
SF:src\index.ts
FN:31,initializeDatabase
FN:57,(anonymous_11)
FN:65,(anonymous_12)
FN:74,(anonymous_13)
FN:80,(anonymous_14)
FN:86,(anonymous_15)
FNF:6
FNH:0
FNDA:0,initializeDatabase
FNDA:0,(anonymous_11)
FNDA:0,(anonymous_12)
FNDA:0,(anonymous_13)
FNDA:0,(anonymous_14)
FNDA:0,(anonymous_15)
DA:1,0
DA:2,0
DA:3,0
DA:4,0
DA:5,0
DA:6,0
DA:7,0
DA:8,0
DA:9,0
DA:10,0
DA:11,0
DA:12,0
DA:16,0
DA:17,0
DA:18,0
DA:20,0
DA:22,0
DA:23,0
DA:25,0
DA:26,0
DA:27,0
DA:28,0
DA:29,0
DA:32,0
DA:33,0
DA:34,0
DA:36,0
DA:38,0
DA:39,0
DA:40,0
DA:44,0
DA:47,0
DA:49,0
DA:51,0
DA:52,0
DA:56,0
DA:58,0
DA:64,0
DA:65,0
DA:66,0
DA:67,0
DA:71,0
DA:75,0
DA:76,0
DA:80,0
DA:81,0
DA:82,0
DA:83,0
DA:86,0
DA:87,0
DA:88,0
DA:89,0
LF:52
LH:0
BRDA:23,0,0,0
BRDA:23,0,1,0
BRDA:38,1,0,0
BRDA:38,1,1,0
BRDA:41,2,0,0
BRDA:41,2,1,0
BRDA:64,3,0,0
BRDA:64,3,1,0
BRF:8
BRH:0
end_of_record
TN:
SF:src\config\db-connection.ts
FN:15,(anonymous_10)
FN:19,(anonymous_11)
FN:24,checkMigrationsTable
FN:39,getCurrentMigrationVersion
FNF:4
FNH:0
FNDA:0,(anonymous_10)
FNDA:0,(anonymous_11)
FNDA:0,checkMigrationsTable
FNDA:0,getCurrentMigrationVersion
DA:1,0
DA:2,0
DA:3,0
DA:5,0
DA:7,0
DA:15,0
DA:16,0
DA:19,0
DA:20,0
DA:21,0
DA:24,0
DA:25,0
DA:26,0
DA:27,0
DA:33,0
DA:35,0
DA:39,0
DA:40,0
DA:41,0
DA:42,0
DA:45,0
DA:47,0
DA:49,0
DA:53,0
LF:24
LH:0
BRDA:8,0,0,0
BRDA:8,0,1,0
BRDA:9,1,0,0
BRDA:9,1,1,0
BRDA:10,2,0,0
BRDA:10,2,1,0
BRDA:11,3,0,0
BRDA:11,3,1,0
BRDA:12,4,0,0
BRDA:12,4,1,0
BRDA:45,5,0,0
BRDA:45,5,1,0
BRF:12
BRH:0
end_of_record
TN:
SF:src\config\migration-config.ts
FN:3,(anonymous_0)
FNF:1
FNH:0
FNDA:0,(anonymous_0)
DA:3,0
LF:1
LH:0
BRDA:5,0,0,0
BRDA:5,0,1,0
BRDA:6,1,0,0
BRDA:6,1,1,0
BRDA:7,2,0,0
BRDA:7,2,1,0
BRDA:8,3,0,0
BRDA:8,3,1,0
BRDA:9,4,0,0
BRDA:9,4,1,0
BRF:10
BRH:0
end_of_record
TN:
SF:src\controllers\subscribe-controller.ts
FN:35,(anonymous_5)
FN:95,(anonymous_6)
FN:143,(anonymous_7)
FN:176,(anonymous_8)
FN:194,(anonymous_9)
FN:391,(anonymous_10)
FNF:6
FNH:6
FNDA:4,(anonymous_5)
FNDA:3,(anonymous_6)
FNDA:4,(anonymous_7)
FNDA:1,(anonymous_8)
FNDA:8,(anonymous_9)
FNDA:5,(anonymous_10)
DA:1,1
DA:14,1
DA:15,1
DA:20,1
DA:21,1
DA:22,1
DA:23,1
DA:24,1
DA:26,1
DA:33,1
DA:35,1
DA:36,4
DA:38,4
DA:39,4
DA:47,4
DA:49,3
DA:50,1
DA:53,2
DA:55,2
DA:56,1
DA:65,1
DA:74,1
DA:76,1
DA:81,1
DA:90,4
DA:95,1
DA:96,3
DA:98,3
DA:99,3
DA:107,3
DA:109,2
DA:110,1
DA:113,1
DA:115,1
DA:122,1
DA:124,1
DA:129,1
DA:137,3
DA:143,1
DA:144,4
DA:145,1
DA:148,3
DA:150,3
DA:151,3
DA:171,3
DA:173,2
DA:176,1
DA:189,3
DA:194,1
DA:195,8
DA:197,8
DA:198,8
DA:200,8
DA:201,8
DA:203,8
DA:204,8
DA:209,1
DA:215,1
DA:219,0
DA:222,7
DA:232,7
DA:235,7
DA:237,7
DA:243,6
DA:244,6
DA:246,6
DA:256,6
DA:257,6
DA:258,6
DA:262,6
DA:268,6
DA:273,6
DA:274,2
DA:276,2
DA:277,1
DA:282,1
DA:284,1
DA:292,1
DA:297,1
DA:299,1
DA:306,1
DA:308,1
DA:321,4
DA:323,4
DA:324,4
DA:325,4
DA:329,3
DA:331,1
DA:334,4
DA:347,4
DA:354,4
DA:356,4
DA:358,4
DA:365,3
DA:367,3
DA:371,3
DA:384,4
DA:385,4
DA:387,8
DA:392,5
LF:100
LH:99
BRDA:49,0,0,1
BRDA:49,0,1,2
BRDA:55,1,0,1
BRDA:55,1,1,1
BRDA:109,2,0,1
BRDA:109,2,1,1
BRDA:144,3,0,1
BRDA:144,3,1,3
BRDA:209,4,0,1
BRDA:209,4,1,0
BRDA:210,5,0,1
BRDA:210,5,1,1
BRDA:210,5,2,1
BRDA:210,5,3,1
BRDA:273,6,0,2
BRDA:273,6,1,4
BRDA:276,7,0,1
BRDA:276,7,1,1
BRDA:297,8,0,1
BRDA:297,8,1,1
BRDA:356,9,0,4
BRDA:356,9,1,4
BRF:22
BRH:21
end_of_record
TN:
SF:src\controllers\user-controller.ts
FN:27,(anonymous_4)
FN:33,(anonymous_5)
FN:20,(anonymous_6)
FNF:3
FNH:2
FNDA:0,(anonymous_4)
FNDA:2,(anonymous_5)
FNDA:1,(anonymous_6)
DA:1,1
DA:13,1
DA:14,1
DA:15,1
DA:21,1
DA:22,1
DA:23,1
DA:25,1
DA:27,1
DA:28,0
DA:33,1
DA:34,2
LF:12
LH:11
BRF:0
BRH:0
end_of_record
TN:
SF:src\cron\release-tracker.crone.ts
FN:8,startReleaseTrackerCron
FN:9,(anonymous_2)
FN:28,manualCheck
FNF:3
FNH:0
FNDA:0,startReleaseTrackerCron
FNDA:0,(anonymous_2)
FNDA:0,manualCheck
DA:1,0
DA:2,0
DA:3,0
DA:5,0
DA:6,0
DA:8,0
DA:9,0
DA:10,0
DA:12,0
DA:13,0
DA:15,0
DA:16,0
DA:19,0
DA:21,0
DA:25,0
DA:28,0
DA:29,0
DA:30,0
DA:31,0
LF:19
LH:0
BRDA:6,0,0,0
BRDA:6,0,1,0
BRDA:15,1,0,0
BRDA:15,1,1,0
BRF:4
BRH:0
end_of_record
TN:
SF:src\middleware\global-error-handler.ts
FN:16,(anonymous_1)
FN:49,(anonymous_2)
FN:50,(anonymous_3)
FNF:3
FNH:0
FNDA:0,(anonymous_1)
FNDA:0,(anonymous_2)
FNDA:0,(anonymous_3)
DA:1,1
DA:5,1
DA:15,1
DA:17,0
DA:21,0
DA:30,0
DA:31,0
DA:40,0
DA:41,0
DA:50,0
LF:10
LH:3
BRDA:17,0,0,0
BRDA:17,0,1,0
BRDA:18,1,0,0
BRDA:18,1,1,0
BRDA:30,2,0,0
BRDA:30,2,1,0
BRDA:34,3,0,0
BRDA:34,3,1,0
BRDA:35,4,0,0
BRDA:35,4,1,0
BRDA:40,5,0,0
BRDA:40,5,1,0
BRDA:40,5,2,0
BRDA:43,6,0,0
BRDA:43,6,1,0
BRDA:44,7,0,0
BRDA:44,7,1,0
BRF:17
BRH:0
end_of_record
TN:
SF:src\middleware\middleware.ts
FN:5,loggingBefore
FN:24,getSubscriptionsQueryValidation
FN:33,(anonymous_4)
FN:43,loggingAfter
FNF:4
FNH:2
FNDA:1,loggingBefore
FNDA:0,getSubscriptionsQueryValidation
FNDA:0,(anonymous_4)
FNDA:1,loggingAfter
DA:1,2
DA:2,2
DA:5,2
DA:10,1
DA:12,1
DA:13,1
DA:21,2
DA:24,2
DA:29,0
DA:30,0
DA:32,0
DA:33,0
DA:37,0
DA:40,0
DA:43,2
DA:48,1
DA:49,1
DA:50,1
LF:18
LH:12
BRDA:12,0,0,1
BRDA:12,0,1,0
BRDA:32,1,0,0
BRDA:32,1,1,0
BRDA:49,2,0,1
BRDA:49,2,1,0
BRF:6
BRH:2
end_of_record
TN:
SF:src\model\info.ts
FNF:0
FNH:0
DA:1,1
DA:3,1
DA:7,1
DA:12,1
LF:4
LH:4
BRF:0
BRH:0
end_of_record
TN:
SF:src\model\subscribe.ts
FNF:0
FNH:0
DA:1,1
DA:9,1
DA:11,1
DA:16,1
DA:22,1
LF:5
LH:5
BRF:0
BRH:0
end_of_record
TN:
SF:src\scripts\run-migration.ts
FN:10,runMigrations
FN:25,(anonymous_11)
FNF:2
FNH:0
FNDA:0,runMigrations
FNDA:0,(anonymous_11)
DA:1,0
DA:2,0
DA:3,0
DA:4,0
DA:7,0
DA:8,0
DA:10,0
DA:11,0
DA:13,0
DA:14,0
DA:16,0
DA:18,0
DA:23,0
DA:24,0
DA:25,0
DA:26,0
DA:29,0
DA:32,0
DA:33,0
DA:35,0
LF:20
LH:0
BRDA:8,0,0,0
BRDA:8,0,1,0
BRDA:23,1,0,0
BRDA:23,1,1,0
BRF:4
BRH:0
end_of_record
TN:
SF:src\services\notifier.ts
FN:37,(anonymous_1)
FN:54,(anonymous_2)
FN:63,(anonymous_3)
FN:82,(anonymous_4)
FN:156,(anonymous_5)
FN:295,(anonymous_6)
FN:342,(anonymous_7)
FN:389,(anonymous_8)
FNF:8
FNH:8
FNDA:34,(anonymous_1)
FNDA:34,(anonymous_2)
FNDA:35,(anonymous_3)
FNDA:10,(anonymous_4)
FNDA:12,(anonymous_5)
FNDA:6,(anonymous_6)
FNDA:7,(anonymous_7)
FNDA:12,(anonymous_8)
DA:1,1
DA:2,1
DA:4,1
DA:5,1
DA:32,1
DA:38,34
DA:39,34
DA:41,34
DA:51,34
DA:55,34
DA:56,34
DA:57,33
DA:59,1
DA:64,35
DA:65,35
DA:73,35
DA:74,26
DA:75,26
DA:77,9
DA:78,9
DA:83,10
DA:85,10
DA:87,10
DA:101,10
DA:148,10
DA:159,12
DA:161,12
DA:163,12
DA:179,12
DA:287,12
DA:299,6
DA:301,6
DA:312,6
DA:339,6
DA:343,7
DA:345,7
DA:358,7
DA:386,7
DA:390,12
DA:400,1
LF:40
LH:40
BRDA:5,0,0,1
BRDA:5,0,1,1
BRDA:38,1,0,34
BRDA:38,1,1,33
BRDA:39,2,0,34
BRDA:39,2,1,33
BRDA:42,3,0,34
BRDA:42,3,1,34
BRDA:43,4,0,34
BRDA:43,4,1,34
BRDA:167,5,0,12
BRDA:167,5,1,0
BRDA:172,6,0,12
BRDA:172,6,1,0
BRDA:251,7,0,12
BRDA:251,7,1,0
BRDA:260,8,0,12
BRDA:260,8,1,0
BRF:18
BRH:14
end_of_record
TN:
SF:src\services\release-tracker.ts
FN:30,(anonymous_1)
FN:37,(anonymous_2)
FN:60,(anonymous_3)
FN:84,(anonymous_4)
FN:103,(anonymous_5)
FN:158,(anonymous_6)
FN:183,(anonymous_7)
FN:223,(anonymous_8)
FN:237,(anonymous_9)
FN:267,(anonymous_10)
FN:283,(anonymous_11)
FN:284,(anonymous_12)
FNF:12
FNH:9
FNDA:26,(anonymous_1)
FNDA:5,(anonymous_2)
FNDA:11,(anonymous_3)
FNDA:4,(anonymous_4)
FNDA:8,(anonymous_5)
FNDA:6,(anonymous_6)
FNDA:1,(anonymous_7)
FNDA:0,(anonymous_8)
FNDA:3,(anonymous_9)
FNDA:2,(anonymous_10)
FNDA:0,(anonymous_11)
FNDA:0,(anonymous_12)
DA:1,1
DA:2,1
DA:3,1
DA:5,1
DA:6,1
DA:27,1
DA:31,26
DA:38,5
DA:40,5
DA:41,5
DA:53,5
DA:54,4
DA:56,5
DA:64,11
DA:65,11
DA:70,7
DA:72,4
DA:73,4
DA:74,3
DA:75,3
DA:79,1
DA:80,1
DA:89,4
DA:90,4
DA:96,3
DA:98,1
DA:99,1
DA:104,8
DA:106,8
DA:107,8
DA:112,8
DA:113,2
DA:114,2
DA:117,6
DA:118,1
DA:121,1
DA:124,5
DA:125,3
DA:126,3
DA:127,3
DA:128,3
DA:129,3
DA:130,3
DA:132,3
DA:133,3
DA:138,3
DA:140,3
DA:142,2
DA:144,2
DA:147,2
DA:150,1
DA:154,1
DA:162,6
DA:164,6
DA:165,6
DA:171,6
DA:172,4
DA:176,2
DA:177,2
DA:179,6
DA:188,1
DA:189,1
DA:190,1
DA:192,1
DA:193,1
DA:195,1
DA:196,1
DA:198,1
DA:199,0
DA:200,0
DA:202,0
DA:203,0
DA:204,0
DA:210,0
DA:212,0
DA:216,1
DA:217,1
DA:218,1
DA:219,1
DA:221,1
DA:222,0
DA:223,0
DA:224,0
DA:228,1
DA:230,1
DA:238,3
DA:240,3
DA:247,3
DA:248,3
DA:249,3
DA:256,3
DA:257,3
DA:258,1
DA:261,3
DA:264,3
DA:268,2
DA:269,2
DA:270,1
DA:272,1
DA:273,1
DA:274,1
DA:275,1
DA:279,1
DA:284,0
DA:288,1
LF:105
LH:94
BRDA:6,0,0,1
BRDA:6,0,1,1
BRDA:72,1,0,4
BRDA:72,1,1,0
BRDA:72,2,0,4
BRDA:72,2,1,4
BRDA:72,2,2,4
BRDA:73,3,0,3
BRDA:73,3,1,1
BRDA:87,4,0,3
BRDA:112,5,0,2
BRDA:112,5,1,6
BRDA:117,6,0,1
BRDA:117,6,1,5
BRDA:124,7,0,3
BRDA:124,7,1,2
BRDA:128,8,0,3
BRDA:128,8,1,0
BRDA:132,9,0,3
BRDA:132,9,1,0
BRDA:202,10,0,0
BRDA:202,10,1,0
BRDA:206,11,0,0
BRDA:206,11,1,0
BRDA:221,12,0,0
BRDA:221,12,1,1
BRDA:257,13,0,1
BRDA:257,13,1,2
BRF:28
BRH:20
end_of_record
